[00:00:08] [Server thread/INFO] [antiqueatlas]: Created new marker #15"gui.antiqueatlas.marker.tomb fandangolol"@(-1033, -4417)
[00:00:08] [Server thread/INFO] [net.minecraft.server.dedicated.DedicatedServer]: fandangolol was pummeled by Reaper  Lvl 2
[00:00:10] [Thread-334/INFO] [STDOUT]: [com.lycanitesmobs.LycanitesMobs:logInfo:278]: [LycanitesMobs] [Info] [] Online familiars loaded successfully for d7b548a9-f0a1-34e9-9688-c1616d727bd6.
[00:00:20] [Server thread/WARN] [net.minecraft.network.NetHandlerPlayServer]: fandangolol moved wrongly!
[00:00:30] [Server thread/INFO] [antiqueatlas]: Saving local markers data to NBT
[00:02:07] [Server thread/INFO] [antiqueatlas]: Created new marker #16"gui.antiqueatlas.marker.tomb fandangolol"@(-1045, -4407)
[00:02:07] [Server thread/INFO] [net.minecraft.server.dedicated.DedicatedServer]: fandangolol was slain by Argus  Lvl 2
[00:02:14] [Server thread/INFO] [net.minecraft.server.dedicated.DedicatedServer]: TitoWilly has made the advancement [Not Today, Thank You]
[00:02:24] [Server thread/INFO] [net.minecraft.server.dedicated.DedicatedServer]: [TitoWilly: Teleported TitoWilly to fandangolol]
[00:02:25] [Server thread/INFO] [antiqueatlas]: Created new marker #1"gui.antiqueatlas.marker.tomb TitoWilly"@(-1034, -4409)
[00:02:25] [Server thread/INFO] [net.minecraft.server.dedicated.DedicatedServer]: TitoWilly was shot by Skeleton
[00:02:35] [Server thread/INFO] [antiqueatlas]: Sent markers data #2 to player TitoWilly
[00:02:45] [Server thread/INFO] [antiqueatlas]: Saving local markers data to NBT
[00:02:45] [Server thread/INFO] [antiqueatlas]: Saving local markers data to NBT
[00:02:50] [Server thread/INFO] [net.minecraft.server.dedicated.DedicatedServer]: [TitoWilly: Teleported Brick_123 to TitoWilly]
[00:03:25] [Server thread/WARN] [firstaid]: Failed to lookup healer for item net.minecraft.item.ItemAir@25f14e93
[00:03:26] [Server thread/WARN] [firstaid]: Failed to lookup healer for item net.minecraft.item.ItemAir@25f14e93
[00:03:26] [Server thread/WARN] [firstaid]: Failed to lookup healer for item net.minecraft.item.ItemAir@25f14e93
[00:03:26] [Server thread/WARN] [firstaid]: Failed to lookup healer for item net.minecraft.item.ItemAir@25f14e93
[00:03:26] [Server thread/INFO] [antiqueatlas]: Created new marker #18"gui.antiqueatlas.marker.tomb Brick_123"@(-1048, -4413)
[00:03:26] [Server thread/INFO] [net.minecraft.server.dedicated.DedicatedServer]: Brick_123 was slain by Grue  Lvl 2
[00:03:30] [Thread-342/INFO] [STDOUT]: [com.lycanitesmobs.LycanitesMobs:logInfo:278]: [LycanitesMobs] [Info] [] Online familiars loaded successfully for b8ccce96-c699-316b-86ea-02864658d0f4.
[00:03:30] [Server thread/INFO] [antiqueatlas]: Saving local markers data to NBT
[00:03:35] [Server thread/INFO] [net.minecraft.server.dedicated.DedicatedServer]: fandangolol was slain by Darkling  Lvl 2
[00:03:47] [Server thread/INFO] [antiqueatlas]: Created new marker #2"gui.antiqueatlas.marker.tomb TitoWilly"@(-1038, -4409)
[00:03:47] [Server thread/INFO] [net.minecraft.server.dedicated.DedicatedServer]: TitoWilly was slain by Grue  Lvl 2
[00:04:01] [Server thread/INFO] [net.minecraft.server.dedicated.DedicatedServer]: Brick_123 was slain by Grue  Lvl 2
[00:04:15] [Server thread/INFO] [antiqueatlas]: Saving local markers data to NBT
[00:04:26] [Server thread/WARN] [Scaling Health]: Another mod seems to have canceled healing from a max health increase (player TitoWilly)
[00:04:47] [Server thread/INFO] [net.minecraft.server.dedicated.DedicatedServer]: [TitoWilly: Teleported Brick_123 to TitoWilly]
[00:05:16] [Server thread/INFO] [antiqueatlas]: Created new marker #19"gui.antiqueatlas.marker.tomb Brick_123"@(-1031, -4384)
[00:05:16] [Server thread/INFO] [net.minecraft.server.dedicated.DedicatedServer]: Brick_123 was slain by Russet Darkling  Lvl 2
[00:05:33] [Server thread/INFO] [net.minecraft.server.dedicated.DedicatedServer]: Brick_123 was slain by Russet Darkling  Lvl 2
[00:05:45] [Server thread/INFO] [antiqueatlas]: Saving local markers data to NBT
[00:05:52] [Server thread/INFO] [net.minecraft.server.dedicated.DedicatedServer]: Brick_123 was slain by Russet Darkling  Lvl 2
[00:05:55] [Server thread/INFO] [antiqueatlas]: Created new marker #17"gui.antiqueatlas.marker.tomb fandangolol"@(-1034, -4408)
[00:05:55] [Server thread/INFO] [net.minecraft.server.dedicated.DedicatedServer]: fandangolol was slain by Russet Darkling  Lvl 2
[00:06:30] [Server thread/INFO] [antiqueatlas]: Saving local markers data to NBT
[00:07:38] [Server thread/INFO] [antiqueatlas]: Created new marker #3"gui.antiqueatlas.marker.tomb TitoWilly"@(-1018, -4421)
[00:07:38] [Server thread/INFO] [net.minecraft.server.dedicated.DedicatedServer]: TitoWilly was pummeled by Reaper  Lvl 2
[00:08:00] [Server thread/INFO] [antiqueatlas]: Saving local markers data to NBT
[00:09:10] [Server thread/INFO] [net.minecraft.server.dedicated.DedicatedServer]: [TitoWilly: Teleported Brick_123 to TitoWilly]
[00:09:16] [Server thread/WARN] [net.minecraft.network.NetHandlerPlayServer]: Brick_123 moved wrongly!
